# JRE version: OpenJDK Runtime Environment JBR-21.0.5+8-631.16-jcef (21.0.5+8) (build 21.0.5+8-b631.16)
# Java VM: OpenJDK 64-Bit Server VM JBR-21.0.5+8-631.16-jcef (21.0.5+8-b631.16, mixed mode, emulated-client, sharing, tiered, compressed oops, compressed class ptrs, g1 gc, windows-amd64)
GC Precious Log:
 CardTable entry size: 512
 Card Set container configuration: InlinePtr #cards 5 size 8 Array Of Cards #cards 12 size 40 Howl #buckets 4 coarsen threshold 1843 Howl Bitmap #cards 512 size 80 coarsen threshold 460 Card regions per heap region 1 cards per card region 2048
 CPUs: 12 total, 12 available
 Memory: 7916M
 Large Page Support: Disabled
 NUMA Support: Disabled
 Compressed Oops: Enabled (32-bit)
 Heap Region Size: 1M
 Heap Min Capacity: 8M
 Heap Initial Capacity: 124M
 Heap Max Capacity: 1980M
 Pre-touch: Disabled
 Parallel Workers: 10
 Concurrent Workers: 3
 Concurrent Refinement Workers: 10
 Periodic GC: Disabled
Heap:
 garbage-first heap   total 163840K, used 48189K [0x0000000084400000, 0x0000000100000000)
  region size 1024K, 1 young (1024K), 1 survivors (1024K)
 Metaspace       used 103371K, committed 104640K, reserved 1179648K
  class space    used 14523K, committed 15104K, reserved 1048576K
GC Heap History (20 events):
Event: 37294.984 GC heap after
{Heap after GC invocations=237 (full 0):
 garbage-first heap   total 163840K, used 48139K [0x0000000084400000, 0x0000000100000000)
  region size 1024K, 1 young (1024K), 1 survivors (1024K)
 Metaspace       used 103371K, committed 104640K, reserved 1179648K
  class space    used 14523K, committed 15104K, reserved 1048576K
}
Event: 37299.141 GC heap before
{Heap before GC invocations=238 (full 0):
 garbage-first heap   total 163840K, used 145419K [0x0000000084400000, 0x0000000100000000)
  region size 1024K, 96 young (98304K), 1 survivors (1024K)
 Metaspace       used 103371K, committed 104640K, reserved 1179648K
  class space    used 14523K, committed 15104K, reserved 1048576K
}
Event: 37299.162 GC heap after
{Heap after GC invocations=239 (full 0):
 garbage-first heap   total 163840K, used 48083K [0x0000000084400000, 0x0000000100000000)
  region size 1024K, 1 young (1024K), 1 survivors (1024K)
 Metaspace       used 103371K, committed 104640K, reserved 1179648K
  class space    used 14523K, committed 15104K, reserved 1048576K
}
Event: 37303.126 GC heap before
{Heap before GC invocations=239 (full 0):
 garbage-first heap   total 163840K, used 145363K [0x0000000084400000, 0x0000000100000000)
  region size 1024K, 96 young (98304K), 1 survivors (1024K)
 Metaspace       used 103371K, committed 104640K, reserved 1179648K
  class space    used 14523K, committed 15104K, reserved 1048576K
}
Event: 37303.131 GC heap after
{Heap after GC invocations=240 (full 0):
 garbage-first heap   total 163840K, used 48083K [0x0000000084400000, 0x0000000100000000)
  region size 1024K, 1 young (1024K), 1 survivors (1024K)
 Metaspace       used 103371K, committed 104640K, reserved 1179648K
  class space    used 14523K, committed 15104K, reserved 1048576K
}
Event: 37310.622 GC heap before
{Heap before GC invocations=240 (full 0):
 garbage-first heap   total 163840K, used 145363K [0x0000000084400000, 0x0000000100000000)
  region size 1024K, 96 young (98304K), 1 survivors (1024K)
 Metaspace       used 103371K, committed 104640K, reserved 1179648K
  class space    used 14523K, committed 15104K, reserved 1048576K
}
Event: 37310.624 GC heap after
{Heap after GC invocations=241 (full 0):
 garbage-first heap   total 163840K, used 48114K [0x0000000084400000, 0x0000000100000000)
  region size 1024K, 1 young (1024K), 1 survivors (1024K)
 Metaspace       used 103371K, committed 104640K, reserved 1179648K
  class space    used 14523K, committed 15104K, reserved 1048576K
}
Event: 37317.523 GC heap before
{Heap before GC invocations=242 (full 0):
 garbage-first heap   total 163840K, used 145394K [0x0000000084400000, 0x0000000100000000)
  region size 1024K, 96 young (98304K), 1 survivors (1024K)
 Metaspace       used 103371K, committed 104640K, reserved 1179648K
  class space    used 14523K, committed 15104K, reserved 1048576K
}
Event: 37317.531 GC heap after
{Heap after GC invocations=243 (full 0):
 garbage-first heap   total 163840K, used 48158K [0x0000000084400000, 0x0000000100000000)
  region size 1024K, 1 young (1024K), 1 survivors (1024K)
 Metaspace       used 103371K, committed 104640K, reserved 1179648K
  class space    used 14523K, committed 15104K, reserved 1048576K
}
Event: 37325.474 GC heap before
{Heap before GC invocations=243 (full 0):
 garbage-first heap   total 163840K, used 145438K [0x0000000084400000, 0x0000000100000000)
  region size 1024K, 96 young (98304K), 1 survivors (1024K)
 Metaspace       used 103371K, committed 104640K, reserved 1179648K
  class space    used 14523K, committed 15104K, reserved 1048576K
}
Event: 37325.482 GC heap after
{Heap after GC invocations=244 (full 0):
 garbage-first heap   total 163840K, used 48067K [0x0000000084400000, 0x0000000100000000)
  region size 1024K, 1 young (1024K), 1 survivors (1024K)
 Metaspace       used 103371K, committed 104640K, reserved 1179648K
  class space    used 14523K, committed 15104K, reserved 1048576K
}
Event: 37334.480 GC heap before
{Heap before GC invocations=244 (full 0):
 garbage-first heap   total 163840K, used 145347K [0x0000000084400000, 0x0000000100000000)
  region size 1024K, 96 young (98304K), 1 survivors (1024K)
 Metaspace       used 103371K, committed 104640K, reserved 1179648K
  class space    used 14523K, committed 15104K, reserved 1048576K
}
Event: 37334.641 GC heap after
{Heap after GC invocations=245 (full 0):
 garbage-first heap   total 163840K, used 48091K [0x0000000084400000, 0x0000000100000000)
  region size 1024K, 1 young (1024K), 1 survivors (1024K)
 Metaspace       used 103371K, committed 104640K, reserved 1179648K
  class space    used 14523K, committed 15104K, reserved 1048576K
}
Event: 37339.410 GC heap before
{Heap before GC invocations=246 (full 0):
 garbage-first heap   total 163840K, used 145371K [0x0000000084400000, 0x0000000100000000)
  region size 1024K, 96 young (98304K), 1 survivors (1024K)
 Metaspace       used 103371K, committed 104640K, reserved 1179648K
  class space    used 14523K, committed 15104K, reserved 1048576K
}
Event: 37339.415 GC heap after
{Heap after GC invocations=247 (full 0):
 garbage-first heap   total 163840K, used 48139K [0x0000000084400000, 0x0000000100000000)
  region size 1024K, 1 young (1024K), 1 survivors (1024K)
 Metaspace       used 103371K, committed 104640K, reserved 1179648K
  class space    used 14523K, committed 15104K, reserved 1048576K
}
Event: 37344.016 GC heap before
{Heap before GC invocations=247 (full 0):
 garbage-first heap   total 163840K, used 145419K [0x0000000084400000, 0x0000000100000000)
  region size 1024K, 96 young (98304K), 1 survivors (1024K)
 Metaspace       used 103371K, committed 104640K, reserved 1179648K
  class space    used 14523K, committed 15104K, reserved 1048576K
}
Event: 37344.019 GC heap after
{Heap after GC invocations=248 (full 0):
 garbage-first heap   total 163840K, used 48118K [0x0000000084400000, 0x0000000100000000)
  region size 1024K, 1 young (1024K), 1 survivors (1024K)
 Metaspace       used 103371K, committed 104640K, reserved 1179648K
  class space    used 14523K, committed 15104K, reserved 1048576K
}
Event: 37347.840 GC heap before
{Heap before GC invocations=248 (full 0):
 garbage-first heap   total 163840K, used 145398K [0x0000000084400000, 0x0000000100000000)
  region size 1024K, 96 young (98304K), 1 survivors (1024K)
 Metaspace       used 103371K, committed 104640K, reserved 1179648K
  class space    used 14523K, committed 15104K, reserved 1048576K
}
Event: 37347.853 GC heap after
{Heap after GC invocations=249 (full 0):
 garbage-first heap   total 163840K, used 48234K [0x0000000084400000, 0x0000000100000000)
  region size 1024K, 1 young (1024K), 1 survivors (1024K)
 Metaspace       used 103371K, committed 104640K, reserved 1179648K
  class space    used 14523K, committed 15104K, reserved 1048576K
}
Event: 37351.455 GC heap before
{Heap before GC invocations=250 (full 0):
 garbage-first heap   total 163840K, used 145514K [0x0000000084400000, 0x0000000100000000)
  region size 1024K, 96 young (98304K), 1 survivors (1024K)
 Metaspace       used 103371K, committed 104640K, reserved 1179648K
  class space    used 14523K, committed 15104K, reserved 1048576K
}

